C51 COMPILER V9.60.0.0   MAIN                                                              03/20/2022 00:52:52 PAGE 1   


C51 COMPILER V9.60.0.0, COMPILATION OF MODULE MAIN
OBJECT MODULE PLACED IN .\Objects\main.obj
COMPILER INVOKED BY: F:\keil software\C51\BIN\C51.EXE main.c OPTIMIZE(8,SPEED) BROWSE DEBUG OBJECTEXTEND PRINT(.\Listing
                    -s\main.lst) TABS(2) OBJECT(.\Objects\main.obj)

line level    source

   1          #include <at89c5131.h>
   2          #include "lcd.h"    //Header file with LCD interfacing functions
   3          #include "serial.c" //C file with UART interfacing functions
   4          
   5          sbit LED=P1^7;
   6          
   7          //Test function definitions
   8          
   9          /************************************************
  10            lcd_test():
  11            LCD test function that gets called when
  12            '1' is received from UART
  13            Prints "LCD Ok" on LCD. After 4 seconds
  14            LCD is cleared
  15          ************************************************/
  16          void lcd_test(void)
  17          {
  18   1         lcd_cmd(0x80);
  19   1         lcd_write_string("EE 337");
  20   1         msdelay(2000);
  21   1         lcd_cmd(0x01);
  22   1      } 
  23          
  24          /************************************************
  25             led_test():
  26            LED test code. Update this function
  27            to test LEDs on P1.7-P1.4 by blinking
  28            them for a few times.
  29          ************************************************/
  30          void led_test(void)
  31          {
  32   1      P1_4=1;
  33   1      msdelay(500);// Write your testing code here. 
  34   1      P1_5=1;
  35   1      msdelay(500);
  36   1      P1_6=1;
  37   1      msdelay(500);
  38   1      P1_7=1;
  39   1      msdelay(500);
  40   1      P1_4=0;
  41   1      msdelay(500);// Write your testing code here. 
  42   1      P1_5=0;
  43   1      msdelay(500);
  44   1      P1_6=0;
  45   1      msdelay(500);
  46   1      P1_7=0;
  47   1      msdelay(500);
  48   1      }
  49          
  50          
  51          //Main function
  52          void main(void)
  53          {
  54   1        unsigned char ch=0;
C51 COMPILER V9.60.0.0   MAIN                                                              03/20/2022 00:52:52 PAGE 2   

  55   1        
  56   1        //Initialize port P1 for output from P1.7-P1.4
  57   1        P1 = 0x0F;
  58   1        
  59   1        //Call initialization functions
  60   1        lcd_init();
  61   1        uart_init();
  62   1        
  63   1        //These strings will be printed in terminal software
  64   1        transmit_string("************************\r\n");
  65   1        transmit_string("******8051 Tests********\r\n");
  66   1        transmit_string("************************\r\n");
  67   1        transmit_string("Press 1 for LCD test\r\n");
  68   1        transmit_string("Press 2 for LED test\r\n");
  69   1        
  70   1        while(1)
  71   1        {
  72   2            //Receive a character
  73   2            ch = receive_char();
  74   2          
  75   2            //Decide which test function to run based on character sent
  76   2            //Displays the string on the terminal software
  77   2            switch(ch)
  78   2            {
  79   3              case '1':lcd_test();
  80   3                       transmit_string("LCD tested\r\n");
  81   3                       break;
  82   3              
  83   3              case '2':led_test();
  84   3                       transmit_string("LED tested\r\n");
  85   3                       break;
  86   3                    
  87   3              default:transmit_string("Incorrect test. Pass correct number\r\n");
  88   3                       break;
  89   3              
  90   3            }
  91   2            msdelay(100);
  92   2        }
  93   1      }


MODULE INFORMATION:   STATIC OVERLAYABLE
   CODE SIZE        =    598    ----
   CONSTANT SIZE    =    171    ----
   XDATA SIZE       =   ----    ----
   PDATA SIZE       =   ----    ----
   DATA SIZE        =   ----      12
   IDATA SIZE       =   ----    ----
   BIT SIZE         =      2    ----
END OF MODULE INFORMATION.


C51 COMPILATION COMPLETE.  0 WARNING(S),  0 ERROR(S)
