C51 COMPILER V9.60.0.0   MAIN                                                              03/19/2022 00:40:04 PAGE 1   


C51 COMPILER V9.60.0.0, COMPILATION OF MODULE MAIN
OBJECT MODULE PLACED IN .\Objects\Main.obj
COMPILER INVOKED BY: F:\keil software\C51\BIN\C51.EXE Main.c OPTIMIZE(8,SPEED) BROWSE DEBUG OBJECTEXTEND PRINT(.\Listing
                    -s\Main.lst) TABS(2) OBJECT(.\Objects\Main.obj)

line level    source

   1          #include <at89c5131.h>
   2          #include "lcd.h"        //Header file with LCD interfacing functions
   3          #include "MorseCode.h"  //Header file for Morse Code 
   4          
   5          sbit LED=P1^7;
   6          
   7          /*
   8          Port P0.7 is used for the audio signal output
   9          */  
  10          //Main function
  11          
  12          void main(void)
  13          {
  14   1          
  15   1        //Call initialization functions
  16   1        P1=0x0F;
  17   1        if(P1_0==1){
  18   2          lcd_init();
  19   2          msdelay(1);
  20   2          lcd_cmd(0x81);
  21   2          msdelay(1);
  22   2          lcd_write_string("A");
  23   2          msdelay(1);
  24   2        morse_a();
  25   2        }
  26   1        else if(P1_1==1){
  27   2          lcd_init();
  28   2          msdelay(1);
  29   2          lcd_cmd(0x81);
  30   2          msdelay(1);
  31   2          lcd_write_string("B");
  32   2          msdelay(1);
  33   2        morse_b();
  34   2        }
  35   1        else if(P1_2==1){
  36   2          lcd_init();
  37   2          msdelay(1);
  38   2          lcd_cmd(0x81);
  39   2          msdelay(1);
  40   2          lcd_write_string("C");
  41   2          msdelay(1);
  42   2        morse_c();
  43   2        }
  44   1        else if(P1_3==1){
  45   2          lcd_init();
  46   2          msdelay(1);
  47   2          lcd_cmd(0x81);
  48   2          msdelay(1);
  49   2          lcd_write_string("D");
  50   2          msdelay(1);
  51   2        morse_d();
  52   2        }
  53   1        else {
  54   2          lcd_init();
C51 COMPILER V9.60.0.0   MAIN                                                              03/19/2022 00:40:04 PAGE 2   

  55   2          msdelay(1);
  56   2          lcd_cmd(0x81);
  57   2          msdelay(1);
  58   2          lcd_write_string("E");
  59   2          msdelay(1);
  60   2        morse_e();
  61   2        }
  62   1        while(1);
  63   1      }


MODULE INFORMATION:   STATIC OVERLAYABLE
   CODE SIZE        =    454    ----
   CONSTANT SIZE    =     10    ----
   XDATA SIZE       =   ----    ----
   PDATA SIZE       =   ----    ----
   DATA SIZE        =   ----       3
   IDATA SIZE       =   ----    ----
   BIT SIZE         =   ----    ----
END OF MODULE INFORMATION.


C51 COMPILATION COMPLETE.  0 WARNING(S),  0 ERROR(S)
